<?xml version="1.0" encoding="UTF-8"?>
<coverage generated="1690484582794" clover="3.2.0">
  <project timestamp="1690484582794" name="All files">
    <metrics statements="31" coveredstatements="30" conditionals="24" coveredconditionals="21" methods="18" coveredmethods="16" elements="73" coveredelements="67" complexity="0" loc="31" ncloc="31" packages="3" files="3" classes="3"/>
    <package name="__tests__.factory">
      <metrics statements="7" coveredstatements="7" conditionals="1" coveredconditionals="1" methods="2" coveredmethods="2"/>
      <file name="BookFactory.ts" path="/home/malvaloca/Tomi/bdd_practice/__tests__/factory/BookFactory.ts">
        <metrics statements="7" coveredstatements="7" conditionals="1" coveredconditionals="1" methods="2" coveredmethods="2"/>
        <line num="2" count="1" type="stmt"/>
        <line num="3" count="1" type="stmt"/>
        <line num="4" count="1" type="stmt"/>
        <line num="5" count="1" type="stmt"/>
        <line num="8" count="4" type="stmt"/>
        <line num="11" count="4" type="stmt"/>
        <line num="14" count="1" type="stmt"/>
      </file>
    </package>
    <package name="src.agents">
      <metrics statements="18" coveredstatements="17" conditionals="23" coveredconditionals="20" methods="14" coveredmethods="12"/>
      <file name="BookApiAgent.ts" path="/home/malvaloca/Tomi/bdd_practice/src/agents/BookApiAgent.ts">
        <metrics statements="18" coveredstatements="17" conditionals="23" coveredconditionals="20" methods="14" coveredmethods="12"/>
        <line num="2" count="1" type="cond" truecount="3" falsecount="0"/>
        <line num="3" count="1" type="cond" truecount="1" falsecount="1"/>
        <line num="4" count="1" type="cond" truecount="2" falsecount="0"/>
        <line num="5" count="1" type="stmt"/>
        <line num="6" count="0" type="stmt"/>
        <line num="7" count="2" type="cond" truecount="2" falsecount="0"/>
        <line num="8" count="1" type="cond" truecount="2" falsecount="0"/>
        <line num="11" count="1" type="stmt"/>
        <line num="12" count="1" type="stmt"/>
        <line num="13" count="1" type="stmt"/>
        <line num="16" count="1" type="stmt"/>
        <line num="17" count="1" type="stmt"/>
        <line num="18" count="46" type="cond" truecount="8" falsecount="2"/>
        <line num="19" count="1" type="stmt"/>
        <line num="23" count="2" type="stmt"/>
        <line num="30" count="21" type="stmt"/>
        <line num="33" count="1" type="cond" truecount="2" falsecount="0"/>
        <line num="36" count="1" type="stmt"/>
      </file>
    </package>
    <package name="src.services">
      <metrics statements="6" coveredstatements="6" conditionals="0" coveredconditionals="0" methods="2" coveredmethods="2"/>
      <file name="book.service.ts" path="/home/malvaloca/Tomi/bdd_practice/src/services/book.service.ts">
        <metrics statements="6" coveredstatements="6" conditionals="0" coveredconditionals="0" methods="2" coveredmethods="2"/>
        <line num="2" count="1" type="stmt"/>
        <line num="3" count="1" type="stmt"/>
        <line num="6" count="4" type="stmt"/>
        <line num="7" count="4" type="stmt"/>
        <line num="10" count="2" type="stmt"/>
        <line num="13" count="1" type="stmt"/>
      </file>
    </package>
  </project>
</coverage>
