{"/home/malvaloca/Tomi/bdd_practice/__tests__/factory/BookFactory.ts": {"path":"/home/malvaloca/Tomi/bdd_practice/__tests__/factory/BookFactory.ts","statementMap":{"0":{"start":{"line":2,"column":0},"end":{"line":2,"column":62}},"1":{"start":{"line":3,"column":0},"end":{"line":3,"column":29}},"2":{"start":{"line":4,"column":23},"end":{"line":4,"column":65}},"3":{"start":{"line":5,"column":34},"end":{"line":5,"column":78}},"4":{"start":{"line":8,"column":8},"end":{"line":8,"column":27}},"5":{"start":{"line":11,"column":8},"end":{"line":11,"column":58}},"6":{"start":{"line":14,"column":0},"end":{"line":14,"column":34}}},"fnMap":{"0":{"name":"(anonymous_0)","decl":{"start":{"line":7,"column":4},"end":{"line":7,"column":5}},"loc":{"start":{"line":7,"column":81},"end":{"line":9,"column":5}},"line":7},"1":{"name":"(anonymous_1)","decl":{"start":{"line":10,"column":4},"end":{"line":10,"column":5}},"loc":{"start":{"line":10,"column":12},"end":{"line":12,"column":5}},"line":10}},"branchMap":{"0":{"loc":{"start":{"line":7,"column":16},"end":{"line":7,"column":79}},"type":"default-arg","locations":[{"start":{"line":7,"column":24},"end":{"line":7,"column":79}}],"line":7}},"s":{"0":1,"1":1,"2":1,"3":1,"4":4,"5":4,"6":1},"f":{"0":4,"1":4},"b":{"0":[3]},"_coverageSchema":"1a1c01bbd47fc00a2c39e90264f33305004495a9","hash":"0455b9ee950bbfac232e62a76219ab4d11c85e0f"}
,"/home/malvaloca/Tomi/bdd_practice/src/agents/BookApiAgent.ts": {"path":"/home/malvaloca/Tomi/bdd_practice/src/agents/BookApiAgent.ts","statementMap":{"0":{"start":{"line":2,"column":16},"end":{"line":10,"column":1}},"1":{"start":{"line":3,"column":28},"end":{"line":3,"column":110}},"2":{"start":{"line":3,"column":91},"end":{"line":3,"column":106}},"3":{"start":{"line":4,"column":4},"end":{"line":9,"column":7}},"4":{"start":{"line":5,"column":36},"end":{"line":5,"column":97}},"5":{"start":{"line":5,"column":42},"end":{"line":5,"column":70}},"6":{"start":{"line":5,"column":85},"end":{"line":5,"column":95}},"7":{"start":{"line":6,"column":35},"end":{"line":6,"column":100}},"8":{"start":{"line":6,"column":41},"end":{"line":6,"column":73}},"9":{"start":{"line":6,"column":88},"end":{"line":6,"column":98}},"10":{"start":{"line":7,"column":32},"end":{"line":7,"column":116}},"11":{"start":{"line":8,"column":8},"end":{"line":8,"column":78}},"12":{"start":{"line":11,"column":0},"end":{"line":11,"column":62}},"13":{"start":{"line":12,"column":0},"end":{"line":12,"column":30}},"14":{"start":{"line":13,"column":16},"end":{"line":13,"column":32}},"15":{"start":{"line":16,"column":8},"end":{"line":20,"column":11}},"16":{"start":{"line":17,"column":29},"end":{"line":17,"column":104}},"17":{"start":{"line":18,"column":26},"end":{"line":18,"column":234}},"18":{"start":{"line":18,"column":72},"end":{"line":18,"column":231}},"19":{"start":{"line":19,"column":12},"end":{"line":19,"column":25}},"20":{"start":{"line":23,"column":26},"end":{"line":29,"column":9}},"21":{"start":{"line":30,"column":8},"end":{"line":30,"column":86}},"22":{"start":{"line":30,"column":44},"end":{"line":30,"column":84}},"23":{"start":{"line":30,"column":67},"end":{"line":30,"column":83}},"24":{"start":{"line":33,"column":8},"end":{"line":33,"column":63}},"25":{"start":{"line":36,"column":0},"end":{"line":36,"column":36}}},"fnMap":{"0":{"name":"(anonymous_0)","decl":{"start":{"line":2,"column":44},"end":{"line":2,"column":45}},"loc":{"start":{"line":2,"column":89},"end":{"line":10,"column":1}},"line":2},"1":{"name":"adopt","decl":{"start":{"line":3,"column":13},"end":{"line":3,"column":18}},"loc":{"start":{"line":3,"column":26},"end":{"line":3,"column":112}},"line":3},"2":{"name":"(anonymous_2)","decl":{"start":{"line":3,"column":70},"end":{"line":3,"column":71}},"loc":{"start":{"line":3,"column":89},"end":{"line":3,"column":108}},"line":3},"3":{"name":"(anonymous_3)","decl":{"start":{"line":4,"column":36},"end":{"line":4,"column":37}},"loc":{"start":{"line":4,"column":63},"end":{"line":9,"column":5}},"line":4},"4":{"name":"fulfilled","decl":{"start":{"line":5,"column":17},"end":{"line":5,"column":26}},"loc":{"start":{"line":5,"column":34},"end":{"line":5,"column":99}},"line":5},"5":{"name":"rejected","decl":{"start":{"line":6,"column":17},"end":{"line":6,"column":25}},"loc":{"start":{"line":6,"column":33},"end":{"line":6,"column":102}},"line":6},"6":{"name":"step","decl":{"start":{"line":7,"column":17},"end":{"line":7,"column":21}},"loc":{"start":{"line":7,"column":30},"end":{"line":7,"column":118}},"line":7},"7":{"name":"(anonymous_7)","decl":{"start":{"line":15,"column":4},"end":{"line":15,"column":5}},"loc":{"start":{"line":15,"column":20},"end":{"line":21,"column":5}},"line":15},"8":{"name":"(anonymous_8)","decl":{"start":{"line":16,"column":47},"end":{"line":16,"column":48}},"loc":{"start":{"line":16,"column":60},"end":{"line":20,"column":9}},"line":16},"9":{"name":"(anonymous_9)","decl":{"start":{"line":18,"column":52},"end":{"line":18,"column":53}},"loc":{"start":{"line":18,"column":62},"end":{"line":18,"column":233}},"line":18},"10":{"name":"(anonymous_10)","decl":{"start":{"line":22,"column":4},"end":{"line":22,"column":5}},"loc":{"start":{"line":22,"column":27},"end":{"line":31,"column":5}},"line":22},"11":{"name":"(anonymous_11)","decl":{"start":{"line":30,"column":30},"end":{"line":30,"column":31}},"loc":{"start":{"line":30,"column":44},"end":{"line":30,"column":84}},"line":30},"12":{"name":"(anonymous_12)","decl":{"start":{"line":30,"column":58},"end":{"line":30,"column":59}},"loc":{"start":{"line":30,"column":67},"end":{"line":30,"column":83}},"line":30},"13":{"name":"(anonymous_13)","decl":{"start":{"line":32,"column":4},"end":{"line":32,"column":5}},"loc":{"start":{"line":32,"column":25},"end":{"line":34,"column":5}},"line":32}},"branchMap":{"0":{"loc":{"start":{"line":2,"column":16},"end":{"line":10,"column":1}},"type":"binary-expr","locations":[{"start":{"line":2,"column":17},"end":{"line":2,"column":21}},{"start":{"line":2,"column":25},"end":{"line":2,"column":39}},{"start":{"line":2,"column":44},"end":{"line":10,"column":1}}],"line":2},"1":{"loc":{"start":{"line":3,"column":35},"end":{"line":3,"column":109}},"type":"cond-expr","locations":[{"start":{"line":3,"column":56},"end":{"line":3,"column":61}},{"start":{"line":3,"column":64},"end":{"line":3,"column":109}}],"line":3},"2":{"loc":{"start":{"line":4,"column":16},"end":{"line":4,"column":34}},"type":"binary-expr","locations":[{"start":{"line":4,"column":16},"end":{"line":4,"column":17}},{"start":{"line":4,"column":22},"end":{"line":4,"column":33}}],"line":4},"3":{"loc":{"start":{"line":7,"column":32},"end":{"line":7,"column":115}},"type":"cond-expr","locations":[{"start":{"line":7,"column":46},"end":{"line":7,"column":67}},{"start":{"line":7,"column":70},"end":{"line":7,"column":115}}],"line":7},"4":{"loc":{"start":{"line":8,"column":51},"end":{"line":8,"column":67}},"type":"binary-expr","locations":[{"start":{"line":8,"column":51},"end":{"line":8,"column":61}},{"start":{"line":8,"column":65},"end":{"line":8,"column":67}}],"line":8},"5":{"loc":{"start":{"line":18,"column":79},"end":{"line":18,"column":230}},"type":"binary-expr","locations":[{"start":{"line":18,"column":79},"end":{"line":18,"column":91}},{"start":{"line":18,"column":96},"end":{"line":18,"column":229}}],"line":18},"6":{"loc":{"start":{"line":18,"column":96},"end":{"line":18,"column":229}},"type":"cond-expr","locations":[{"start":{"line":18,"column":188},"end":{"line":18,"column":194}},{"start":{"line":18,"column":197},"end":{"line":18,"column":229}}],"line":18},"7":{"loc":{"start":{"line":18,"column":96},"end":{"line":18,"column":185}},"type":"binary-expr","locations":[{"start":{"line":18,"column":96},"end":{"line":18,"column":168}},{"start":{"line":18,"column":172},"end":{"line":18,"column":185}}],"line":18},"8":{"loc":{"start":{"line":18,"column":102},"end":{"line":18,"column":158}},"type":"cond-expr","locations":[{"start":{"line":18,"column":137},"end":{"line":18,"column":143}},{"start":{"line":18,"column":146},"end":{"line":18,"column":158}}],"line":18},"9":{"loc":{"start":{"line":18,"column":102},"end":{"line":18,"column":134}},"type":"binary-expr","locations":[{"start":{"line":18,"column":102},"end":{"line":18,"column":115}},{"start":{"line":18,"column":119},"end":{"line":18,"column":134}}],"line":18},"10":{"loc":{"start":{"line":33,"column":15},"end":{"line":33,"column":62}},"type":"binary-expr","locations":[{"start":{"line":33,"column":15},"end":{"line":33,"column":27}},{"start":{"line":33,"column":31},"end":{"line":33,"column":62}}],"line":33}},"s":{"0":1,"1":1,"2":0,"3":1,"4":1,"5":1,"6":0,"7":0,"8":0,"9":0,"10":2,"11":1,"12":1,"13":1,"14":1,"15":1,"16":1,"17":1,"18":46,"19":1,"20":2,"21":2,"22":6,"23":21,"24":1,"25":1},"f":{"0":1,"1":1,"2":0,"3":1,"4":1,"5":0,"6":2,"7":1,"8":1,"9":46,"10":2,"11":6,"12":21,"13":1},"b":{"0":[1,1,1],"1":[1,0],"2":[1,1],"3":[1,1],"4":[1,1],"5":[46,32],"6":[0,32],"7":[32,32],"8":[0,32],"9":[32,32],"10":[1,1]},"_coverageSchema":"1a1c01bbd47fc00a2c39e90264f33305004495a9","hash":"bf1aa8215a530375a22ee3c41dbf6a3bc1dc7838"}
,"/home/malvaloca/Tomi/bdd_practice/src/services/book.service.ts": {"path":"/home/malvaloca/Tomi/bdd_practice/src/services/book.service.ts","statementMap":{"0":{"start":{"line":2,"column":0},"end":{"line":2,"column":62}},"1":{"start":{"line":3,"column":0},"end":{"line":3,"column":29}},"2":{"start":{"line":6,"column":8},"end":{"line":6,"column":27}},"3":{"start":{"line":7,"column":8},"end":{"line":7,"column":27}},"4":{"start":{"line":10,"column":8},"end":{"line":10,"column":41}},"5":{"start":{"line":13,"column":0},"end":{"line":13,"column":34}}},"fnMap":{"0":{"name":"(anonymous_0)","decl":{"start":{"line":5,"column":4},"end":{"line":5,"column":5}},"loc":{"start":{"line":5,"column":23},"end":{"line":8,"column":5}},"line":5},"1":{"name":"(anonymous_1)","decl":{"start":{"line":9,"column":4},"end":{"line":9,"column":5}},"loc":{"start":{"line":9,"column":15},"end":{"line":11,"column":5}},"line":9}},"branchMap":{},"s":{"0":1,"1":1,"2":4,"3":4,"4":2,"5":1},"f":{"0":4,"1":2},"b":{},"_coverageSchema":"1a1c01bbd47fc00a2c39e90264f33305004495a9","hash":"e88d0e6c219257dfafc8659edaccd5bcea7acd92"}
}
