TN:
SF:__tests__/factory/BookFactory.ts
FN:7,(anonymous_0)
FN:10,(anonymous_1)
FNF:2
FNH:2
FNDA:4,(anonymous_0)
FNDA:4,(anonymous_1)
DA:2,1
DA:3,1
DA:4,1
DA:5,1
DA:8,4
DA:11,4
DA:14,1
LF:7
LH:7
BRDA:7,0,0,3
BRF:1
BRH:1
end_of_record
TN:
SF:src/agents/BookApiAgent.ts
FN:2,(anonymous_0)
FN:3,adopt
FN:3,(anonymous_2)
FN:4,(anonymous_3)
FN:5,fulfilled
FN:6,rejected
FN:7,step
FN:15,(anonymous_7)
FN:16,(anonymous_8)
FN:18,(anonymous_9)
FN:22,(anonymous_10)
FN:30,(anonymous_11)
FN:30,(anonymous_12)
FN:32,(anonymous_13)
FNF:14
FNH:12
FNDA:1,(anonymous_0)
FNDA:1,adopt
FNDA:0,(anonymous_2)
FNDA:1,(anonymous_3)
FNDA:1,fulfilled
FNDA:0,rejected
FNDA:2,step
FNDA:1,(anonymous_7)
FNDA:1,(anonymous_8)
FNDA:46,(anonymous_9)
FNDA:2,(anonymous_10)
FNDA:6,(anonymous_11)
FNDA:21,(anonymous_12)
FNDA:1,(anonymous_13)
DA:2,1
DA:3,1
DA:4,1
DA:5,1
DA:6,0
DA:7,2
DA:8,1
DA:11,1
DA:12,1
DA:13,1
DA:16,1
DA:17,1
DA:18,46
DA:19,1
DA:23,2
DA:30,21
DA:33,1
DA:36,1
LF:18
LH:17
BRDA:2,0,0,1
BRDA:2,0,1,1
BRDA:2,0,2,1
BRDA:3,1,0,1
BRDA:3,1,1,0
BRDA:4,2,0,1
BRDA:4,2,1,1
BRDA:7,3,0,1
BRDA:7,3,1,1
BRDA:8,4,0,1
BRDA:8,4,1,1
BRDA:18,5,0,46
BRDA:18,5,1,32
BRDA:18,6,0,0
BRDA:18,6,1,32
BRDA:18,7,0,32
BRDA:18,7,1,32
BRDA:18,8,0,0
BRDA:18,8,1,32
BRDA:18,9,0,32
BRDA:18,9,1,32
BRDA:33,10,0,1
BRDA:33,10,1,1
BRF:23
BRH:20
end_of_record
TN:
SF:src/services/book.service.ts
FN:5,(anonymous_0)
FN:9,(anonymous_1)
FNF:2
FNH:2
FNDA:4,(anonymous_0)
FNDA:2,(anonymous_1)
DA:2,1
DA:3,1
DA:6,4
DA:7,4
DA:10,2
DA:13,1
LF:6
LH:6
BRF:0
BRH:0
end_of_record
